<?xml version="1.0" encoding="UTF-8"?>
<testng-results ignored="1" total="2" passed="1" failed="0" skipped="0">
  <reporter-output>
  </reporter-output>
  <suite started-at="2022-04-14T19:27:07 IST" name="Suite" finished-at="2022-04-14T19:27:10 IST" duration-ms="2826">
    <groups>
      <group name="blazedemo">
        <method signature="TwoApp.blazeDemo()[pri:0, instance:testNg.TwoApp@48ae9b55]" name="blazeDemo" class="testNg.TwoApp"/>
      </group> <!-- blazedemo -->
    </groups>
    <test started-at="2022-04-14T19:27:07 IST" name="Test" finished-at="2022-04-14T19:27:10 IST" duration-ms="2826">
      <class name="testNg.TwoApp">
        <test-method signature="blazeDemo()[pri:0, instance:testNg.TwoApp@48ae9b55]" started-at="2022-04-14T19:27:07 IST" name="blazeDemo" finished-at="2022-04-14T19:27:10 IST" duration-ms="2771" status="PASS">
          <reporter-output>
          </reporter-output>
        </test-method> <!-- blazeDemo -->
      </class> <!-- testNg.TwoApp -->
    </test> <!-- Test -->
  </suite> <!-- Suite -->
</testng-results>
