<?xml version="1.0" encoding="UTF-8"?>
<testng-results ignored="0" total="1" passed="1" failed="0" skipped="0">
  <reporter-output>
  </reporter-output>
  <suite started-at="2022-06-25T19:17:39 IST" name="Suite" finished-at="2022-06-25T19:17:44 IST" duration-ms="4416">
    <groups>
    </groups>
    <test started-at="2022-06-25T19:17:39 IST" name="Test" finished-at="2022-06-25T19:17:44 IST" duration-ms="4416">
      <class name="in.rajesh.day1.FirstScript_Test">
        <test-method is-config="true" signature="beforeTest()[pri:0, instance:in.rajesh.day1.FirstScript_Test@36cda2c2]" started-at="2022-06-25T19:17:39 IST" name="beforeTest" finished-at="2022-06-25T19:17:42 IST" duration-ms="2899" status="PASS">
          <reporter-output>
          </reporter-output>
        </test-method> <!-- beforeTest -->
        <test-method signature="dropDownCheck()[pri:0, instance:in.rajesh.day1.FirstScript_Test@36cda2c2]" started-at="2022-06-25T19:17:42 IST" name="dropDownCheck" description="Print all values of dropdown" finished-at="2022-06-25T19:17:44 IST" duration-ms="1405" status="PASS">
          <reporter-output>
          </reporter-output>
        </test-method> <!-- dropDownCheck -->
        <test-method is-config="true" signature="afterTest()[pri:0, instance:in.rajesh.day1.FirstScript_Test@36cda2c2]" started-at="2022-06-25T19:17:44 IST" name="afterTest" finished-at="2022-06-25T19:17:44 IST" duration-ms="1" status="PASS">
          <reporter-output>
          </reporter-output>
        </test-method> <!-- afterTest -->
      </class> <!-- in.rajesh.day1.FirstScript_Test -->
    </test> <!-- Test -->
  </suite> <!-- Suite -->
</testng-results>
